2014-08-18 16:57:51,301 ERROR [UcPolicyRepository] 
java.sql.SQLException: Could not run raw execute statement INSERT INTO `MESSAGENOPOOL` (`no` ) VALUES
	at com.j256.ormlite.misc.SqlExceptionUtil.create(SqlExceptionUtil.java:22)
	at com.j256.ormlite.dao.BaseDaoImpl.executeRawNoArgs(BaseDaoImpl.java:606)
	at com.ambimmort.u.uc.repository.UcPolicyRepository$1.call(UcPolicyRepository.java:165)
	at com.ambimmort.u.uc.repository.UcPolicyRepository$1.call(UcPolicyRepository.java:150)
	at com.j256.ormlite.stmt.StatementExecutor.callBatchTasks(StatementExecutor.java:566)
	at com.j256.ormlite.dao.BaseDaoImpl.callBatchTasks(BaseDaoImpl.java:633)
	at com.ambimmort.u.uc.repository.UcPolicyRepository.initSVNMessageNoPool(UcPolicyRepository.java:150)
	at com.ambimmort.u.uc.repository.UcPolicyRepository.<init>(UcPolicyRepository.java:100)
	at com.ambimmort.u.uc.repository.UcPolicyRepository.getInstance(UcPolicyRepository.java:51)
	at com.ambimmort.u.uc.repository.UcPolicyRepository.main(UcPolicyRepository.java:332)
Caused by: org.h2.jdbc.JdbcSQLException: Syntax error in SQL statement "INSERT INTO ""MESSAGENOPOOL"" (""NO"" ) VALUES "; expected "("; SQL statement:
INSERT INTO `MESSAGENOPOOL` (`no` ) VALUES [42001-178]
	at org.h2.message.DbException.getJdbcSQLException(DbException.java:344)
	at org.h2.message.DbException.getSyntaxError(DbException.java:204)
	at org.h2.command.Parser.getSyntaxError(Parser.java:524)
	at org.h2.command.Parser.read(Parser.java:3079)
	at org.h2.command.Parser.parseInsert(Parser.java:1047)
	at org.h2.command.Parser.parsePrepared(Parser.java:402)
	at org.h2.command.Parser.parse(Parser.java:306)
	at org.h2.command.Parser.parse(Parser.java:282)
	at org.h2.command.Parser.prepareCommand(Parser.java:243)
	at org.h2.engine.Session.prepareLocal(Session.java:442)
	at org.h2.engine.Session.prepareCommand(Session.java:384)
	at org.h2.jdbc.JdbcConnection.prepareCommand(JdbcConnection.java:1188)
	at org.h2.jdbc.JdbcStatement.executeInternal(JdbcStatement.java:172)
	at org.h2.jdbc.JdbcStatement.execute(JdbcStatement.java:160)
	at com.j256.ormlite.jdbc.JdbcDatabaseConnection.executeStatement(JdbcDatabaseConnection.java:122)
	at com.j256.ormlite.stmt.StatementExecutor.executeRawNoArgs(StatementExecutor.java:420)
	at com.j256.ormlite.dao.BaseDaoImpl.executeRawNoArgs(BaseDaoImpl.java:604)
	... 8 more
2014-08-18 16:58:16,367 ERROR [UcPolicyRepository] 
java.sql.SQLException: Could not run raw execute statement INSERT INTO `MESSAGENOPOOL` (`no` ) VALUES
	at com.j256.ormlite.misc.SqlExceptionUtil.create(SqlExceptionUtil.java:22)
	at com.j256.ormlite.dao.BaseDaoImpl.executeRawNoArgs(BaseDaoImpl.java:606)
	at com.ambimmort.u.uc.repository.UcPolicyRepository$1.call(UcPolicyRepository.java:165)
	at com.ambimmort.u.uc.repository.UcPolicyRepository$1.call(UcPolicyRepository.java:150)
	at com.j256.ormlite.stmt.StatementExecutor.callBatchTasks(StatementExecutor.java:566)
	at com.j256.ormlite.dao.BaseDaoImpl.callBatchTasks(BaseDaoImpl.java:633)
	at com.ambimmort.u.uc.repository.UcPolicyRepository.initSVNMessageNoPool(UcPolicyRepository.java:150)
	at com.ambimmort.u.uc.repository.UcPolicyRepository.<init>(UcPolicyRepository.java:100)
	at com.ambimmort.u.uc.repository.UcPolicyRepository.getInstance(UcPolicyRepository.java:51)
	at com.ambimmort.u.uc.repository.UcPolicyRepository.main(UcPolicyRepository.java:332)
Caused by: org.h2.jdbc.JdbcSQLException: Syntax error in SQL statement "INSERT INTO ""MESSAGENOPOOL"" (""NO"" ) VALUES "; expected "("; SQL statement:
INSERT INTO `MESSAGENOPOOL` (`no` ) VALUES [42001-178]
	at org.h2.message.DbException.getJdbcSQLException(DbException.java:344)
	at org.h2.message.DbException.getSyntaxError(DbException.java:204)
	at org.h2.command.Parser.getSyntaxError(Parser.java:524)
	at org.h2.command.Parser.read(Parser.java:3079)
	at org.h2.command.Parser.parseInsert(Parser.java:1047)
	at org.h2.command.Parser.parsePrepared(Parser.java:402)
	at org.h2.command.Parser.parse(Parser.java:306)
	at org.h2.command.Parser.parse(Parser.java:282)
	at org.h2.command.Parser.prepareCommand(Parser.java:243)
	at org.h2.engine.Session.prepareLocal(Session.java:442)
	at org.h2.engine.Session.prepareCommand(Session.java:384)
	at org.h2.jdbc.JdbcConnection.prepareCommand(JdbcConnection.java:1188)
	at org.h2.jdbc.JdbcStatement.executeInternal(JdbcStatement.java:172)
	at org.h2.jdbc.JdbcStatement.execute(JdbcStatement.java:160)
	at com.j256.ormlite.jdbc.JdbcDatabaseConnection.executeStatement(JdbcDatabaseConnection.java:122)
	at com.j256.ormlite.stmt.StatementExecutor.executeRawNoArgs(StatementExecutor.java:420)
	at com.j256.ormlite.dao.BaseDaoImpl.executeRawNoArgs(BaseDaoImpl.java:604)
	... 8 more
2014-08-18 17:00:51,315 ERROR [UcPolicyRepository] 
java.sql.SQLException: Could not run raw execute statement INSERT INTO `MESSAGENOPOOL` (`no` ) VALUES
	at com.j256.ormlite.misc.SqlExceptionUtil.create(SqlExceptionUtil.java:22)
	at com.j256.ormlite.dao.BaseDaoImpl.executeRawNoArgs(BaseDaoImpl.java:606)
	at com.ambimmort.u.uc.repository.UcPolicyRepository$1.call(UcPolicyRepository.java:165)
	at com.ambimmort.u.uc.repository.UcPolicyRepository$1.call(UcPolicyRepository.java:150)
	at com.j256.ormlite.stmt.StatementExecutor.callBatchTasks(StatementExecutor.java:566)
	at com.j256.ormlite.dao.BaseDaoImpl.callBatchTasks(BaseDaoImpl.java:633)
	at com.ambimmort.u.uc.repository.UcPolicyRepository.initSVNMessageNoPool(UcPolicyRepository.java:150)
	at com.ambimmort.u.uc.repository.UcPolicyRepository.<init>(UcPolicyRepository.java:100)
	at com.ambimmort.u.uc.repository.UcPolicyRepository.getInstance(UcPolicyRepository.java:51)
	at com.ambimmort.u.uc.repository.UcPolicyRepository.main(UcPolicyRepository.java:332)
Caused by: org.h2.jdbc.JdbcSQLException: Syntax error in SQL statement "INSERT INTO ""MESSAGENOPOOL"" (""NO"" ) VALUES "; expected "("; SQL statement:
INSERT INTO `MESSAGENOPOOL` (`no` ) VALUES [42001-178]
	at org.h2.message.DbException.getJdbcSQLException(DbException.java:344)
	at org.h2.message.DbException.getSyntaxError(DbException.java:204)
	at org.h2.command.Parser.getSyntaxError(Parser.java:524)
	at org.h2.command.Parser.read(Parser.java:3079)
	at org.h2.command.Parser.parseInsert(Parser.java:1047)
	at org.h2.command.Parser.parsePrepared(Parser.java:402)
	at org.h2.command.Parser.parse(Parser.java:306)
	at org.h2.command.Parser.parse(Parser.java:282)
	at org.h2.command.Parser.prepareCommand(Parser.java:243)
	at org.h2.engine.Session.prepareLocal(Session.java:442)
	at org.h2.engine.Session.prepareCommand(Session.java:384)
	at org.h2.jdbc.JdbcConnection.prepareCommand(JdbcConnection.java:1188)
	at org.h2.jdbc.JdbcStatement.executeInternal(JdbcStatement.java:172)
	at org.h2.jdbc.JdbcStatement.execute(JdbcStatement.java:160)
	at com.j256.ormlite.jdbc.JdbcDatabaseConnection.executeStatement(JdbcDatabaseConnection.java:122)
	at com.j256.ormlite.stmt.StatementExecutor.executeRawNoArgs(StatementExecutor.java:420)
	at com.j256.ormlite.dao.BaseDaoImpl.executeRawNoArgs(BaseDaoImpl.java:604)
	... 8 more
2014-08-18 17:02:41,938 ERROR [UcPolicyRepository] 
java.sql.SQLException: Could not run raw execute statement INSERT INTO `MESSAGENOPOOL` (`no` ) VALUES
	at com.j256.ormlite.misc.SqlExceptionUtil.create(SqlExceptionUtil.java:22)
	at com.j256.ormlite.dao.BaseDaoImpl.executeRawNoArgs(BaseDaoImpl.java:606)
	at com.ambimmort.u.uc.repository.UcPolicyRepository$1.call(UcPolicyRepository.java:165)
	at com.ambimmort.u.uc.repository.UcPolicyRepository$1.call(UcPolicyRepository.java:150)
	at com.j256.ormlite.stmt.StatementExecutor.callBatchTasks(StatementExecutor.java:566)
	at com.j256.ormlite.dao.BaseDaoImpl.callBatchTasks(BaseDaoImpl.java:633)
	at com.ambimmort.u.uc.repository.UcPolicyRepository.initSVNMessageNoPool(UcPolicyRepository.java:150)
	at com.ambimmort.u.uc.repository.UcPolicyRepository.<init>(UcPolicyRepository.java:100)
	at com.ambimmort.u.uc.repository.UcPolicyRepository.getInstance(UcPolicyRepository.java:51)
	at com.ambimmort.u.uc.repository.UcPolicyRepository.main(UcPolicyRepository.java:332)
Caused by: org.h2.jdbc.JdbcSQLException: Syntax error in SQL statement "INSERT INTO ""MESSAGENOPOOL"" (""NO"" ) VALUES "; expected "("; SQL statement:
INSERT INTO `MESSAGENOPOOL` (`no` ) VALUES [42001-178]
	at org.h2.message.DbException.getJdbcSQLException(DbException.java:344)
	at org.h2.message.DbException.getSyntaxError(DbException.java:204)
	at org.h2.command.Parser.getSyntaxError(Parser.java:524)
	at org.h2.command.Parser.read(Parser.java:3079)
	at org.h2.command.Parser.parseInsert(Parser.java:1047)
	at org.h2.command.Parser.parsePrepared(Parser.java:402)
	at org.h2.command.Parser.parse(Parser.java:306)
	at org.h2.command.Parser.parse(Parser.java:282)
	at org.h2.command.Parser.prepareCommand(Parser.java:243)
	at org.h2.engine.Session.prepareLocal(Session.java:442)
	at org.h2.engine.Session.prepareCommand(Session.java:384)
	at org.h2.jdbc.JdbcConnection.prepareCommand(JdbcConnection.java:1188)
	at org.h2.jdbc.JdbcStatement.executeInternal(JdbcStatement.java:172)
	at org.h2.jdbc.JdbcStatement.execute(JdbcStatement.java:160)
	at com.j256.ormlite.jdbc.JdbcDatabaseConnection.executeStatement(JdbcDatabaseConnection.java:122)
	at com.j256.ormlite.stmt.StatementExecutor.executeRawNoArgs(StatementExecutor.java:420)
	at com.j256.ormlite.dao.BaseDaoImpl.executeRawNoArgs(BaseDaoImpl.java:604)
	... 8 more
2014-08-18 17:06:17,160 ERROR [UcPolicyRepository] 
java.sql.SQLException: Could not run raw execute statement INSERT INTO `MESSAGENOPOOL` (`no` ) VALUES
	at com.j256.ormlite.misc.SqlExceptionUtil.create(SqlExceptionUtil.java:22)
	at com.j256.ormlite.dao.BaseDaoImpl.executeRawNoArgs(BaseDaoImpl.java:606)
	at com.ambimmort.u.uc.repository.UcPolicyRepository$1.call(UcPolicyRepository.java:165)
	at com.ambimmort.u.uc.repository.UcPolicyRepository$1.call(UcPolicyRepository.java:150)
	at com.j256.ormlite.stmt.StatementExecutor.callBatchTasks(StatementExecutor.java:566)
	at com.j256.ormlite.dao.BaseDaoImpl.callBatchTasks(BaseDaoImpl.java:633)
	at com.ambimmort.u.uc.repository.UcPolicyRepository.initSVNMessageNoPool(UcPolicyRepository.java:150)
	at com.ambimmort.u.uc.repository.UcPolicyRepository.<init>(UcPolicyRepository.java:100)
	at com.ambimmort.u.uc.repository.UcPolicyRepository.getInstance(UcPolicyRepository.java:51)
	at com.ambimmort.u.uc.repository.UcPolicyRepository.main(UcPolicyRepository.java:332)
Caused by: org.h2.jdbc.JdbcSQLException: Syntax error in SQL statement "INSERT INTO ""MESSAGENOPOOL"" (""NO"" ) VALUES "; expected "("; SQL statement:
INSERT INTO `MESSAGENOPOOL` (`no` ) VALUES [42001-178]
	at org.h2.message.DbException.getJdbcSQLException(DbException.java:344)
	at org.h2.message.DbException.getSyntaxError(DbException.java:204)
	at org.h2.command.Parser.getSyntaxError(Parser.java:524)
	at org.h2.command.Parser.read(Parser.java:3079)
	at org.h2.command.Parser.parseInsert(Parser.java:1047)
	at org.h2.command.Parser.parsePrepared(Parser.java:402)
	at org.h2.command.Parser.parse(Parser.java:306)
	at org.h2.command.Parser.parse(Parser.java:282)
	at org.h2.command.Parser.prepareCommand(Parser.java:243)
	at org.h2.engine.Session.prepareLocal(Session.java:442)
	at org.h2.engine.Session.prepareCommand(Session.java:384)
	at org.h2.jdbc.JdbcConnection.prepareCommand(JdbcConnection.java:1188)
	at org.h2.jdbc.JdbcStatement.executeInternal(JdbcStatement.java:172)
	at org.h2.jdbc.JdbcStatement.execute(JdbcStatement.java:160)
	at com.j256.ormlite.jdbc.JdbcDatabaseConnection.executeStatement(JdbcDatabaseConnection.java:122)
	at com.j256.ormlite.stmt.StatementExecutor.executeRawNoArgs(StatementExecutor.java:420)
	at com.j256.ormlite.dao.BaseDaoImpl.executeRawNoArgs(BaseDaoImpl.java:604)
	... 8 more
2014-08-18 17:11:20,825 ERROR [UcPolicyRepository] 
java.sql.SQLException: Could not run raw execute statement INSERT INTO `MESSAGENOPOOL` (`no` ) VALUES
	at com.j256.ormlite.misc.SqlExceptionUtil.create(SqlExceptionUtil.java:22)
	at com.j256.ormlite.dao.BaseDaoImpl.executeRawNoArgs(BaseDaoImpl.java:606)
	at com.ambimmort.u.uc.repository.UcPolicyRepository$1.call(UcPolicyRepository.java:165)
	at com.ambimmort.u.uc.repository.UcPolicyRepository$1.call(UcPolicyRepository.java:150)
	at com.j256.ormlite.stmt.StatementExecutor.callBatchTasks(StatementExecutor.java:566)
	at com.j256.ormlite.dao.BaseDaoImpl.callBatchTasks(BaseDaoImpl.java:633)
	at com.ambimmort.u.uc.repository.UcPolicyRepository.initSVNMessageNoPool(UcPolicyRepository.java:150)
	at com.ambimmort.u.uc.repository.UcPolicyRepository.<init>(UcPolicyRepository.java:100)
	at com.ambimmort.u.uc.repository.UcPolicyRepository.getInstance(UcPolicyRepository.java:51)
	at com.ambimmort.u.uc.repository.UcPolicyRepository.main(UcPolicyRepository.java:332)
Caused by: org.h2.jdbc.JdbcSQLException: Syntax error in SQL statement "INSERT INTO ""MESSAGENOPOOL"" (""NO"" ) VALUES "; expected "("; SQL statement:
INSERT INTO `MESSAGENOPOOL` (`no` ) VALUES [42001-178]
	at org.h2.message.DbException.getJdbcSQLException(DbException.java:344)
	at org.h2.message.DbException.getSyntaxError(DbException.java:204)
	at org.h2.command.Parser.getSyntaxError(Parser.java:524)
	at org.h2.command.Parser.read(Parser.java:3079)
	at org.h2.command.Parser.parseInsert(Parser.java:1047)
	at org.h2.command.Parser.parsePrepared(Parser.java:402)
	at org.h2.command.Parser.parse(Parser.java:306)
	at org.h2.command.Parser.parse(Parser.java:282)
	at org.h2.command.Parser.prepareCommand(Parser.java:243)
	at org.h2.engine.Session.prepareLocal(Session.java:442)
	at org.h2.engine.Session.prepareCommand(Session.java:384)
	at org.h2.jdbc.JdbcConnection.prepareCommand(JdbcConnection.java:1188)
	at org.h2.jdbc.JdbcStatement.executeInternal(JdbcStatement.java:172)
	at org.h2.jdbc.JdbcStatement.execute(JdbcStatement.java:160)
	at com.j256.ormlite.jdbc.JdbcDatabaseConnection.executeStatement(JdbcDatabaseConnection.java:122)
	at com.j256.ormlite.stmt.StatementExecutor.executeRawNoArgs(StatementExecutor.java:420)
	at com.j256.ormlite.dao.BaseDaoImpl.executeRawNoArgs(BaseDaoImpl.java:604)
	... 8 more
2014-08-18 17:15:30,677 ERROR [UcPolicyRepository] 
java.sql.SQLException: Could not run raw execute statement INSERT INTO `MESSAGENOPOOL` (`no` ) VALUES
	at com.j256.ormlite.misc.SqlExceptionUtil.create(SqlExceptionUtil.java:22)
	at com.j256.ormlite.dao.BaseDaoImpl.executeRawNoArgs(BaseDaoImpl.java:606)
	at com.ambimmort.u.uc.repository.UcPolicyRepository$1.call(UcPolicyRepository.java:164)
	at com.ambimmort.u.uc.repository.UcPolicyRepository$1.call(UcPolicyRepository.java:149)
	at com.j256.ormlite.stmt.StatementExecutor.callBatchTasks(StatementExecutor.java:566)
	at com.j256.ormlite.dao.BaseDaoImpl.callBatchTasks(BaseDaoImpl.java:633)
	at com.ambimmort.u.uc.repository.UcPolicyRepository.initSVNMessageNoPool(UcPolicyRepository.java:149)
	at com.ambimmort.u.uc.repository.UcPolicyRepository.<init>(UcPolicyRepository.java:99)
	at com.ambimmort.u.uc.repository.UcPolicyRepository.getInstance(UcPolicyRepository.java:51)
	at com.ambimmort.u.uc.repository.UcPolicyRepository.main(UcPolicyRepository.java:331)
Caused by: org.h2.jdbc.JdbcSQLException: Syntax error in SQL statement "INSERT INTO ""MESSAGENOPOOL"" (""NO"" ) VALUES "; expected "("; SQL statement:
INSERT INTO `MESSAGENOPOOL` (`no` ) VALUES [42001-178]
	at org.h2.message.DbException.getJdbcSQLException(DbException.java:344)
	at org.h2.message.DbException.getSyntaxError(DbException.java:204)
	at org.h2.command.Parser.getSyntaxError(Parser.java:524)
	at org.h2.command.Parser.read(Parser.java:3079)
	at org.h2.command.Parser.parseInsert(Parser.java:1047)
	at org.h2.command.Parser.parsePrepared(Parser.java:402)
	at org.h2.command.Parser.parse(Parser.java:306)
	at org.h2.command.Parser.parse(Parser.java:282)
	at org.h2.command.Parser.prepareCommand(Parser.java:243)
	at org.h2.engine.Session.prepareLocal(Session.java:442)
	at org.h2.engine.Session.prepareCommand(Session.java:384)
	at org.h2.jdbc.JdbcConnection.prepareCommand(JdbcConnection.java:1188)
	at org.h2.jdbc.JdbcStatement.executeInternal(JdbcStatement.java:172)
	at org.h2.jdbc.JdbcStatement.execute(JdbcStatement.java:160)
	at com.j256.ormlite.jdbc.JdbcDatabaseConnection.executeStatement(JdbcDatabaseConnection.java:122)
	at com.j256.ormlite.stmt.StatementExecutor.executeRawNoArgs(StatementExecutor.java:420)
	at com.j256.ormlite.dao.BaseDaoImpl.executeRawNoArgs(BaseDaoImpl.java:604)
	... 8 more
2014-08-18 17:19:29,625 ERROR [UcPolicyRepository] 
java.sql.SQLException: Could not run raw execute statement INSERT INTO `MESSAGENOPOOL` (`no` ) VALUES
	at com.j256.ormlite.misc.SqlExceptionUtil.create(SqlExceptionUtil.java:22)
	at com.j256.ormlite.dao.BaseDaoImpl.executeRawNoArgs(BaseDaoImpl.java:606)
	at com.ambimmort.u.uc.repository.UcPolicyRepository$1.call(UcPolicyRepository.java:164)
	at com.ambimmort.u.uc.repository.UcPolicyRepository$1.call(UcPolicyRepository.java:149)
	at com.j256.ormlite.stmt.StatementExecutor.callBatchTasks(StatementExecutor.java:566)
	at com.j256.ormlite.dao.BaseDaoImpl.callBatchTasks(BaseDaoImpl.java:633)
	at com.ambimmort.u.uc.repository.UcPolicyRepository.initSVNMessageNoPool(UcPolicyRepository.java:149)
	at com.ambimmort.u.uc.repository.UcPolicyRepository.<init>(UcPolicyRepository.java:99)
	at com.ambimmort.u.uc.repository.UcPolicyRepository.getInstance(UcPolicyRepository.java:51)
	at com.ambimmort.u.uc.repository.UcPolicyRepository.main(UcPolicyRepository.java:331)
Caused by: org.h2.jdbc.JdbcSQLException: Syntax error in SQL statement "INSERT INTO ""MESSAGENOPOOL"" (""NO"" ) VALUES "; expected "("; SQL statement:
INSERT INTO `MESSAGENOPOOL` (`no` ) VALUES [42001-178]
	at org.h2.message.DbException.getJdbcSQLException(DbException.java:344)
	at org.h2.message.DbException.getSyntaxError(DbException.java:204)
	at org.h2.command.Parser.getSyntaxError(Parser.java:524)
	at org.h2.command.Parser.read(Parser.java:3079)
	at org.h2.command.Parser.parseInsert(Parser.java:1047)
	at org.h2.command.Parser.parsePrepared(Parser.java:402)
	at org.h2.command.Parser.parse(Parser.java:306)
	at org.h2.command.Parser.parse(Parser.java:282)
	at org.h2.command.Parser.prepareCommand(Parser.java:243)
	at org.h2.engine.Session.prepareLocal(Session.java:442)
	at org.h2.engine.Session.prepareCommand(Session.java:384)
	at org.h2.jdbc.JdbcConnection.prepareCommand(JdbcConnection.java:1188)
	at org.h2.jdbc.JdbcStatement.executeInternal(JdbcStatement.java:172)
	at org.h2.jdbc.JdbcStatement.execute(JdbcStatement.java:160)
	at com.j256.ormlite.jdbc.JdbcDatabaseConnection.executeStatement(JdbcDatabaseConnection.java:122)
	at com.j256.ormlite.stmt.StatementExecutor.executeRawNoArgs(StatementExecutor.java:420)
	at com.j256.ormlite.dao.BaseDaoImpl.executeRawNoArgs(BaseDaoImpl.java:604)
	... 8 more
2014-08-18 17:23:04,139 ERROR [UcPolicyRepository] 
java.sql.SQLException: Could not run raw execute statement INSERT INTO `MESSAGENOPOOL` (`no` ) VALUES
	at com.j256.ormlite.misc.SqlExceptionUtil.create(SqlExceptionUtil.java:22)
	at com.j256.ormlite.dao.BaseDaoImpl.executeRawNoArgs(BaseDaoImpl.java:606)
	at com.ambimmort.u.uc.repository.UcPolicyRepository$1.call(UcPolicyRepository.java:164)
	at com.ambimmort.u.uc.repository.UcPolicyRepository$1.call(UcPolicyRepository.java:149)
	at com.j256.ormlite.stmt.StatementExecutor.callBatchTasks(StatementExecutor.java:566)
	at com.j256.ormlite.dao.BaseDaoImpl.callBatchTasks(BaseDaoImpl.java:633)
	at com.ambimmort.u.uc.repository.UcPolicyRepository.initSVNMessageNoPool(UcPolicyRepository.java:149)
	at com.ambimmort.u.uc.repository.UcPolicyRepository.<init>(UcPolicyRepository.java:99)
	at com.ambimmort.u.uc.repository.UcPolicyRepository.getInstance(UcPolicyRepository.java:51)
	at com.ambimmort.u.uc.repository.UcPolicyRepository.main(UcPolicyRepository.java:331)
Caused by: org.h2.jdbc.JdbcSQLException: Syntax error in SQL statement "INSERT INTO ""MESSAGENOPOOL"" (""NO"" ) VALUES "; expected "("; SQL statement:
INSERT INTO `MESSAGENOPOOL` (`no` ) VALUES [42001-178]
	at org.h2.message.DbException.getJdbcSQLException(DbException.java:344)
	at org.h2.message.DbException.getSyntaxError(DbException.java:204)
	at org.h2.command.Parser.getSyntaxError(Parser.java:524)
	at org.h2.command.Parser.read(Parser.java:3079)
	at org.h2.command.Parser.parseInsert(Parser.java:1047)
	at org.h2.command.Parser.parsePrepared(Parser.java:402)
	at org.h2.command.Parser.parse(Parser.java:306)
	at org.h2.command.Parser.parse(Parser.java:282)
	at org.h2.command.Parser.prepareCommand(Parser.java:243)
	at org.h2.engine.Session.prepareLocal(Session.java:442)
	at org.h2.engine.Session.prepareCommand(Session.java:384)
	at org.h2.jdbc.JdbcConnection.prepareCommand(JdbcConnection.java:1188)
	at org.h2.jdbc.JdbcStatement.executeInternal(JdbcStatement.java:172)
	at org.h2.jdbc.JdbcStatement.execute(JdbcStatement.java:160)
	at com.j256.ormlite.jdbc.JdbcDatabaseConnection.executeStatement(JdbcDatabaseConnection.java:122)
	at com.j256.ormlite.stmt.StatementExecutor.executeRawNoArgs(StatementExecutor.java:420)
	at com.j256.ormlite.dao.BaseDaoImpl.executeRawNoArgs(BaseDaoImpl.java:604)
	... 8 more
2014-08-19 04:06:06,211 ERROR [UcPolicyRepository] 
java.sql.SQLException: Could not run raw execute statement INSERT INTO `MESSAGENOPOOL` (`no` ) VALUES
	at com.j256.ormlite.misc.SqlExceptionUtil.create(SqlExceptionUtil.java:22)
	at com.j256.ormlite.dao.BaseDaoImpl.executeRawNoArgs(BaseDaoImpl.java:606)
	at com.ambimmort.u.uc.repository.UcPolicyRepository$1.call(UcPolicyRepository.java:169)
	at com.ambimmort.u.uc.repository.UcPolicyRepository$1.call(UcPolicyRepository.java:154)
	at com.j256.ormlite.stmt.StatementExecutor.callBatchTasks(StatementExecutor.java:566)
	at com.j256.ormlite.dao.BaseDaoImpl.callBatchTasks(BaseDaoImpl.java:633)
	at com.ambimmort.u.uc.repository.UcPolicyRepository.initSVNMessageNoPool(UcPolicyRepository.java:154)
	at com.ambimmort.u.uc.repository.UcPolicyRepository.<init>(UcPolicyRepository.java:104)
	at com.ambimmort.u.uc.repository.UcPolicyRepository.getInstance(UcPolicyRepository.java:51)
	at com.ambimmort.u.uc.repository.UcPolicyRepository.main(UcPolicyRepository.java:336)
Caused by: org.h2.jdbc.JdbcSQLException: Syntax error in SQL statement "INSERT INTO ""MESSAGENOPOOL"" (""NO"" ) VALUES "; expected "("; SQL statement:
INSERT INTO `MESSAGENOPOOL` (`no` ) VALUES [42001-178]
	at org.h2.message.DbException.getJdbcSQLException(DbException.java:344)
	at org.h2.message.DbException.getSyntaxError(DbException.java:204)
	at org.h2.command.Parser.getSyntaxError(Parser.java:524)
	at org.h2.command.Parser.read(Parser.java:3079)
	at org.h2.command.Parser.parseInsert(Parser.java:1047)
	at org.h2.command.Parser.parsePrepared(Parser.java:402)
	at org.h2.command.Parser.parse(Parser.java:306)
	at org.h2.command.Parser.parse(Parser.java:282)
	at org.h2.command.Parser.prepareCommand(Parser.java:243)
	at org.h2.engine.Session.prepareLocal(Session.java:442)
	at org.h2.engine.Session.prepareCommand(Session.java:384)
	at org.h2.jdbc.JdbcConnection.prepareCommand(JdbcConnection.java:1188)
	at org.h2.jdbc.JdbcStatement.executeInternal(JdbcStatement.java:172)
	at org.h2.jdbc.JdbcStatement.execute(JdbcStatement.java:160)
	at com.j256.ormlite.jdbc.JdbcDatabaseConnection.executeStatement(JdbcDatabaseConnection.java:122)
	at com.j256.ormlite.stmt.StatementExecutor.executeRawNoArgs(StatementExecutor.java:420)
	at com.j256.ormlite.dao.BaseDaoImpl.executeRawNoArgs(BaseDaoImpl.java:604)
	... 8 more
2014-08-19 09:30:05,818 ERROR [UcPolicyRepository] 
java.sql.SQLException: Could not run raw execute statement INSERT INTO `MESSAGENOPOOL` (`no` ) VALUES
	at com.j256.ormlite.misc.SqlExceptionUtil.create(SqlExceptionUtil.java:22)
	at com.j256.ormlite.dao.BaseDaoImpl.executeRawNoArgs(BaseDaoImpl.java:606)
	at com.ambimmort.u.uc.repository.UcPolicyRepository$1.call(UcPolicyRepository.java:169)
	at com.ambimmort.u.uc.repository.UcPolicyRepository$1.call(UcPolicyRepository.java:154)
	at com.j256.ormlite.stmt.StatementExecutor.callBatchTasks(StatementExecutor.java:566)
	at com.j256.ormlite.dao.BaseDaoImpl.callBatchTasks(BaseDaoImpl.java:633)
	at com.ambimmort.u.uc.repository.UcPolicyRepository.initSVNMessageNoPool(UcPolicyRepository.java:154)
	at com.ambimmort.u.uc.repository.UcPolicyRepository.<init>(UcPolicyRepository.java:104)
	at com.ambimmort.u.uc.repository.UcPolicyRepository.getInstance(UcPolicyRepository.java:51)
	at com.ambimmort.u.uc.repository.UcPolicyRepository.main(UcPolicyRepository.java:336)
Caused by: org.h2.jdbc.JdbcSQLException: Syntax error in SQL statement "INSERT INTO ""MESSAGENOPOOL"" (""NO"" ) VALUES "; expected "("; SQL statement:
INSERT INTO `MESSAGENOPOOL` (`no` ) VALUES [42001-178]
	at org.h2.message.DbException.getJdbcSQLException(DbException.java:344)
	at org.h2.message.DbException.getSyntaxError(DbException.java:204)
	at org.h2.command.Parser.getSyntaxError(Parser.java:524)
	at org.h2.command.Parser.read(Parser.java:3079)
	at org.h2.command.Parser.parseInsert(Parser.java:1047)
	at org.h2.command.Parser.parsePrepared(Parser.java:402)
	at org.h2.command.Parser.parse(Parser.java:306)
	at org.h2.command.Parser.parse(Parser.java:282)
	at org.h2.command.Parser.prepareCommand(Parser.java:243)
	at org.h2.engine.Session.prepareLocal(Session.java:442)
	at org.h2.engine.Session.prepareCommand(Session.java:384)
	at org.h2.jdbc.JdbcConnection.prepareCommand(JdbcConnection.java:1188)
	at org.h2.jdbc.JdbcStatement.executeInternal(JdbcStatement.java:172)
	at org.h2.jdbc.JdbcStatement.execute(JdbcStatement.java:160)
	at com.j256.ormlite.jdbc.JdbcDatabaseConnection.executeStatement(JdbcDatabaseConnection.java:122)
	at com.j256.ormlite.stmt.StatementExecutor.executeRawNoArgs(StatementExecutor.java:420)
	at com.j256.ormlite.dao.BaseDaoImpl.executeRawNoArgs(BaseDaoImpl.java:604)
	... 8 more
2014-08-19 09:35:14,515 ERROR [UcPolicyRepository] 
java.sql.SQLException: Could not run raw execute statement INSERT INTO `MESSAGENOPOOL` (`no` ) VALUES
	at com.j256.ormlite.misc.SqlExceptionUtil.create(SqlExceptionUtil.java:22)
	at com.j256.ormlite.dao.BaseDaoImpl.executeRawNoArgs(BaseDaoImpl.java:606)
	at com.ambimmort.u.uc.repository.UcPolicyRepository$1.call(UcPolicyRepository.java:171)
	at com.ambimmort.u.uc.repository.UcPolicyRepository$1.call(UcPolicyRepository.java:156)
	at com.j256.ormlite.stmt.StatementExecutor.callBatchTasks(StatementExecutor.java:566)
	at com.j256.ormlite.dao.BaseDaoImpl.callBatchTasks(BaseDaoImpl.java:633)
	at com.ambimmort.u.uc.repository.UcPolicyRepository.initSVNMessageNoPool(UcPolicyRepository.java:156)
	at com.ambimmort.u.uc.repository.UcPolicyRepository.<init>(UcPolicyRepository.java:106)
	at com.ambimmort.u.uc.repository.UcPolicyRepository.getInstance(UcPolicyRepository.java:53)
	at com.ambimmort.u.uc.repository.UcPolicyRepository.main(UcPolicyRepository.java:338)
Caused by: org.h2.jdbc.JdbcSQLException: Syntax error in SQL statement "INSERT INTO ""MESSAGENOPOOL"" (""NO"" ) VALUES "; expected "("; SQL statement:
INSERT INTO `MESSAGENOPOOL` (`no` ) VALUES [42001-178]
	at org.h2.message.DbException.getJdbcSQLException(DbException.java:344)
	at org.h2.message.DbException.getSyntaxError(DbException.java:204)
	at org.h2.command.Parser.getSyntaxError(Parser.java:524)
	at org.h2.command.Parser.read(Parser.java:3079)
	at org.h2.command.Parser.parseInsert(Parser.java:1047)
	at org.h2.command.Parser.parsePrepared(Parser.java:402)
	at org.h2.command.Parser.parse(Parser.java:306)
	at org.h2.command.Parser.parse(Parser.java:282)
	at org.h2.command.Parser.prepareCommand(Parser.java:243)
	at org.h2.engine.Session.prepareLocal(Session.java:442)
	at org.h2.engine.Session.prepareCommand(Session.java:384)
	at org.h2.jdbc.JdbcConnection.prepareCommand(JdbcConnection.java:1188)
	at org.h2.jdbc.JdbcStatement.executeInternal(JdbcStatement.java:172)
	at org.h2.jdbc.JdbcStatement.execute(JdbcStatement.java:160)
	at com.j256.ormlite.jdbc.JdbcDatabaseConnection.executeStatement(JdbcDatabaseConnection.java:122)
	at com.j256.ormlite.stmt.StatementExecutor.executeRawNoArgs(StatementExecutor.java:420)
	at com.j256.ormlite.dao.BaseDaoImpl.executeRawNoArgs(BaseDaoImpl.java:604)
	... 8 more
2014-08-19 10:16:20,910 ERROR [UcPolicyRepository] 
java.sql.SQLException: Could not run raw execute statement INSERT INTO `MESSAGENOPOOL` (`no` ) VALUES
	at com.j256.ormlite.misc.SqlExceptionUtil.create(SqlExceptionUtil.java:22)
	at com.j256.ormlite.dao.BaseDaoImpl.executeRawNoArgs(BaseDaoImpl.java:606)
	at com.ambimmort.u.uc.repository.UcPolicyRepository$1.call(UcPolicyRepository.java:171)
	at com.ambimmort.u.uc.repository.UcPolicyRepository$1.call(UcPolicyRepository.java:156)
	at com.j256.ormlite.stmt.StatementExecutor.callBatchTasks(StatementExecutor.java:566)
	at com.j256.ormlite.dao.BaseDaoImpl.callBatchTasks(BaseDaoImpl.java:633)
	at com.ambimmort.u.uc.repository.UcPolicyRepository.initSVNMessageNoPool(UcPolicyRepository.java:156)
	at com.ambimmort.u.uc.repository.UcPolicyRepository.<init>(UcPolicyRepository.java:106)
	at com.ambimmort.u.uc.repository.UcPolicyRepository.getInstance(UcPolicyRepository.java:53)
	at com.ambimmort.u.uc.repository.UcPolicyRepository.main(UcPolicyRepository.java:338)
Caused by: org.h2.jdbc.JdbcSQLException: Syntax error in SQL statement "INSERT INTO ""MESSAGENOPOOL"" (""NO"" ) VALUES "; expected "("; SQL statement:
INSERT INTO `MESSAGENOPOOL` (`no` ) VALUES [42001-178]
	at org.h2.message.DbException.getJdbcSQLException(DbException.java:344)
	at org.h2.message.DbException.getSyntaxError(DbException.java:204)
	at org.h2.command.Parser.getSyntaxError(Parser.java:524)
	at org.h2.command.Parser.read(Parser.java:3079)
	at org.h2.command.Parser.parseInsert(Parser.java:1047)
	at org.h2.command.Parser.parsePrepared(Parser.java:402)
	at org.h2.command.Parser.parse(Parser.java:306)
	at org.h2.command.Parser.parse(Parser.java:282)
	at org.h2.command.Parser.prepareCommand(Parser.java:243)
	at org.h2.engine.Session.prepareLocal(Session.java:442)
	at org.h2.engine.Session.prepareCommand(Session.java:384)
	at org.h2.jdbc.JdbcConnection.prepareCommand(JdbcConnection.java:1188)
	at org.h2.jdbc.JdbcStatement.executeInternal(JdbcStatement.java:172)
	at org.h2.jdbc.JdbcStatement.execute(JdbcStatement.java:160)
	at com.j256.ormlite.jdbc.JdbcDatabaseConnection.executeStatement(JdbcDatabaseConnection.java:122)
	at com.j256.ormlite.stmt.StatementExecutor.executeRawNoArgs(StatementExecutor.java:420)
	at com.j256.ormlite.dao.BaseDaoImpl.executeRawNoArgs(BaseDaoImpl.java:604)
	... 8 more
2014-09-01 04:49:21,801 ERROR [UcPolicyRepository] 
org.h2.jdbc.JdbcSQLException: Database may be already in use: "C:/Users/定巍/Documents/GitHub/u.uc/uc.repository.server/repo/0x00/commons/commons.mv.db". Possible solutions: close all other connection(s); use the server mode [90020-178]
	at org.h2.message.DbException.getJdbcSQLException(DbException.java:344)
	at org.h2.message.DbException.get(DbException.java:167)
	at org.h2.mvstore.db.MVTableEngine.init(MVTableEngine.java:104)
	at org.h2.engine.Database.getPageStore(Database.java:2355)
	at org.h2.engine.Database.open(Database.java:659)
	at org.h2.engine.Database.openDatabase(Database.java:262)
	at org.h2.engine.Database.<init>(Database.java:256)
	at org.h2.engine.Engine.openSession(Engine.java:57)
	at org.h2.engine.Engine.openSession(Engine.java:164)
	at org.h2.engine.Engine.createSessionAndValidate(Engine.java:142)
	at org.h2.engine.Engine.createSession(Engine.java:125)
	at org.h2.engine.Engine.createSession(Engine.java:27)
	at org.h2.engine.SessionRemote.connectEmbeddedOrServer(SessionRemote.java:335)
	at org.h2.jdbc.JdbcConnection.<init>(JdbcConnection.java:107)
	at org.h2.jdbc.JdbcConnection.<init>(JdbcConnection.java:91)
	at org.h2.Driver.connect(Driver.java:74)
	at java.sql.DriverManager.getConnection(DriverManager.java:571)
	at java.sql.DriverManager.getConnection(DriverManager.java:187)
	at com.j256.ormlite.jdbc.JdbcConnectionSource.makeConnection(JdbcConnectionSource.java:252)
	at com.j256.ormlite.jdbc.JdbcPooledConnectionSource.getReadWriteConnection(JdbcPooledConnectionSource.java:136)
	at com.j256.ormlite.table.TableUtils.doCreateTable(TableUtils.java:440)
	at com.j256.ormlite.table.TableUtils.createTable(TableUtils.java:220)
	at com.j256.ormlite.table.TableUtils.createTableIfNotExists(TableUtils.java:61)
	at com.ambimmort.u.uc.repository.UcPolicyRepository.initSVNMessageNoPool(UcPolicyRepository.java:153)
	at com.ambimmort.u.uc.repository.UcPolicyRepository.<init>(UcPolicyRepository.java:107)
	at com.ambimmort.u.uc.repository.UcPolicyRepository.getInstance(UcPolicyRepository.java:54)
	at com.ambimmort.u.uc.repository.UcPolicyRepository.main(UcPolicyRepository.java:339)
Caused by: java.lang.IllegalStateException: The file is locked: nio:C:/Users/定巍/Documents/GitHub/u.uc/uc.repository.server/repo/0x00/commons/commons.mv.db [1.4.178/7]
	at org.h2.mvstore.DataUtils.newIllegalStateException(DataUtils.java:757)
	at org.h2.mvstore.FileStore.open(FileStore.java:168)
	at org.h2.mvstore.MVStore.<init>(MVStore.java:304)
	at org.h2.mvstore.MVStore$Builder.open(MVStore.java:2554)
	at org.h2.mvstore.db.MVTableEngine.init(MVTableEngine.java:94)
	... 24 more
2014-09-01 04:49:21,869 ERROR [UcPolicyRepository] 
org.h2.jdbc.JdbcSQLException: Database may be already in use: "C:/Users/定巍/Documents/GitHub/u.uc/uc.repository.server/repo/0x00/commons/commons.mv.db". Possible solutions: close all other connection(s); use the server mode [90020-178]
	at org.h2.message.DbException.getJdbcSQLException(DbException.java:344)
	at org.h2.message.DbException.get(DbException.java:167)
	at org.h2.mvstore.db.MVTableEngine.init(MVTableEngine.java:104)
	at org.h2.engine.Database.getPageStore(Database.java:2355)
	at org.h2.engine.Database.open(Database.java:659)
	at org.h2.engine.Database.openDatabase(Database.java:262)
	at org.h2.engine.Database.<init>(Database.java:256)
	at org.h2.engine.Engine.openSession(Engine.java:57)
	at org.h2.engine.Engine.openSession(Engine.java:164)
	at org.h2.engine.Engine.createSessionAndValidate(Engine.java:142)
	at org.h2.engine.Engine.createSession(Engine.java:125)
	at org.h2.engine.Engine.createSession(Engine.java:27)
	at org.h2.engine.SessionRemote.connectEmbeddedOrServer(SessionRemote.java:335)
	at org.h2.jdbc.JdbcConnection.<init>(JdbcConnection.java:107)
	at org.h2.jdbc.JdbcConnection.<init>(JdbcConnection.java:91)
	at org.h2.Driver.connect(Driver.java:74)
	at java.sql.DriverManager.getConnection(DriverManager.java:571)
	at java.sql.DriverManager.getConnection(DriverManager.java:187)
	at com.j256.ormlite.jdbc.JdbcConnectionSource.makeConnection(JdbcConnectionSource.java:252)
	at com.j256.ormlite.jdbc.JdbcPooledConnectionSource.getReadWriteConnection(JdbcPooledConnectionSource.java:136)
	at com.j256.ormlite.table.TableUtils.doCreateTable(TableUtils.java:440)
	at com.j256.ormlite.table.TableUtils.createTable(TableUtils.java:220)
	at com.j256.ormlite.table.TableUtils.createTableIfNotExists(TableUtils.java:61)
	at com.ambimmort.u.uc.repository.UcPolicyRepository.initSVNFile(UcPolicyRepository.java:200)
	at com.ambimmort.u.uc.repository.UcPolicyRepository.<init>(UcPolicyRepository.java:108)
	at com.ambimmort.u.uc.repository.UcPolicyRepository.getInstance(UcPolicyRepository.java:54)
	at com.ambimmort.u.uc.repository.UcPolicyRepository.main(UcPolicyRepository.java:339)
Caused by: java.lang.IllegalStateException: The file is locked: nio:C:/Users/定巍/Documents/GitHub/u.uc/uc.repository.server/repo/0x00/commons/commons.mv.db [1.4.178/7]
	at org.h2.mvstore.DataUtils.newIllegalStateException(DataUtils.java:757)
	at org.h2.mvstore.FileStore.open(FileStore.java:168)
	at org.h2.mvstore.MVStore.<init>(MVStore.java:304)
	at org.h2.mvstore.MVStore$Builder.open(MVStore.java:2554)
	at org.h2.mvstore.db.MVTableEngine.init(MVTableEngine.java:94)
	... 24 more
2014-09-01 04:49:21,905 ERROR [UcPolicyRepository] 
org.h2.jdbc.JdbcSQLException: Database may be already in use: "C:/Users/定巍/Documents/GitHub/u.uc/uc.repository.server/repo/0x00/commons/commons.mv.db". Possible solutions: close all other connection(s); use the server mode [90020-178]
	at org.h2.message.DbException.getJdbcSQLException(DbException.java:344)
	at org.h2.message.DbException.get(DbException.java:167)
	at org.h2.mvstore.db.MVTableEngine.init(MVTableEngine.java:104)
	at org.h2.engine.Database.getPageStore(Database.java:2355)
	at org.h2.engine.Database.open(Database.java:659)
	at org.h2.engine.Database.openDatabase(Database.java:262)
	at org.h2.engine.Database.<init>(Database.java:256)
	at org.h2.engine.Engine.openSession(Engine.java:57)
	at org.h2.engine.Engine.openSession(Engine.java:164)
	at org.h2.engine.Engine.createSessionAndValidate(Engine.java:142)
	at org.h2.engine.Engine.createSession(Engine.java:125)
	at org.h2.engine.Engine.createSession(Engine.java:27)
	at org.h2.engine.SessionRemote.connectEmbeddedOrServer(SessionRemote.java:335)
	at org.h2.jdbc.JdbcConnection.<init>(JdbcConnection.java:107)
	at org.h2.jdbc.JdbcConnection.<init>(JdbcConnection.java:91)
	at org.h2.Driver.connect(Driver.java:74)
	at java.sql.DriverManager.getConnection(DriverManager.java:571)
	at java.sql.DriverManager.getConnection(DriverManager.java:187)
	at com.j256.ormlite.jdbc.JdbcConnectionSource.makeConnection(JdbcConnectionSource.java:252)
	at com.j256.ormlite.jdbc.JdbcPooledConnectionSource.getReadWriteConnection(JdbcPooledConnectionSource.java:136)
	at com.j256.ormlite.table.TableUtils.doCreateTable(TableUtils.java:440)
	at com.j256.ormlite.table.TableUtils.createTable(TableUtils.java:220)
	at com.j256.ormlite.table.TableUtils.createTableIfNotExists(TableUtils.java:61)
	at com.ambimmort.u.uc.repository.UcPolicyRepository.initSVNLog(UcPolicyRepository.java:187)
	at com.ambimmort.u.uc.repository.UcPolicyRepository.<init>(UcPolicyRepository.java:110)
	at com.ambimmort.u.uc.repository.UcPolicyRepository.getInstance(UcPolicyRepository.java:54)
	at com.ambimmort.u.uc.repository.UcPolicyRepository.main(UcPolicyRepository.java:339)
Caused by: java.lang.IllegalStateException: The file is locked: nio:C:/Users/定巍/Documents/GitHub/u.uc/uc.repository.server/repo/0x00/commons/commons.mv.db [1.4.178/7]
	at org.h2.mvstore.DataUtils.newIllegalStateException(DataUtils.java:757)
	at org.h2.mvstore.FileStore.open(FileStore.java:168)
	at org.h2.mvstore.MVStore.<init>(MVStore.java:304)
	at org.h2.mvstore.MVStore$Builder.open(MVStore.java:2554)
	at org.h2.mvstore.db.MVTableEngine.init(MVTableEngine.java:94)
	... 24 more
