2014-09-22 00:54:55  [ timer_ZFServerComponent:0 ] - [ DEBUG ]  Setting default value: false
2014-09-22 00:54:55  [ timer_ZFServerComponent:25 ] - [ DEBUG ]  Converting 'Boolean' value 'false' to type 'Boolean'
2014-09-22 00:54:55  [ timer_ZFServerComponent:28 ] - [ DEBUG ]      No conversion required, value is already a Boolean
2014-09-22 00:54:55  [ timer_ZFServerComponent:55 ] - [ DEBUG ]  Setting default value: 0
2014-09-22 00:54:55  [ timer_ZFServerComponent:58 ] - [ DEBUG ]  Converting 'Integer' value '0' to type 'Byte'
2014-09-22 00:54:55  [ timer_ZFServerComponent:62 ] - [ DEBUG ]      Converted to Byte value '0'
2014-09-22 00:54:55  [ timer_ZFServerComponent:69 ] - [ DEBUG ]  Setting default value:  
2014-09-22 00:54:55  [ timer_ZFServerComponent:71 ] - [ DEBUG ]  Converting 'Character' value ' ' to type 'Character'
2014-09-22 00:54:55  [ timer_ZFServerComponent:73 ] - [ DEBUG ]      No conversion required, value is already a Character
2014-09-22 00:54:55  [ timer_ZFServerComponent:85 ] - [ DEBUG ]  Setting default value: 0
2014-09-22 00:54:55  [ timer_ZFServerComponent:87 ] - [ DEBUG ]  Converting 'Integer' value '0' to type 'Double'
2014-09-22 00:54:55  [ timer_ZFServerComponent:95 ] - [ DEBUG ]      Converted to Double value '0.0'
2014-09-22 00:54:55  [ timer_ZFServerComponent:116 ] - [ DEBUG ]  Setting default value: 0
2014-09-22 00:54:55  [ timer_ZFServerComponent:118 ] - [ DEBUG ]  Converting 'Integer' value '0' to type 'Float'
2014-09-22 00:54:55  [ timer_ZFServerComponent:125 ] - [ DEBUG ]      Converted to Float value '0.0'
2014-09-22 00:54:55  [ timer_ZFServerComponent:137 ] - [ DEBUG ]  Setting default value: 0
2014-09-22 00:54:55  [ timer_ZFServerComponent:139 ] - [ DEBUG ]  Converting 'Integer' value '0' to type 'Integer'
2014-09-22 00:54:55  [ timer_ZFServerComponent:142 ] - [ DEBUG ]      No conversion required, value is already a Integer
2014-09-22 00:54:55  [ timer_ZFServerComponent:146 ] - [ DEBUG ]  Setting default value: 0
2014-09-22 00:54:55  [ timer_ZFServerComponent:147 ] - [ DEBUG ]  Converting 'Integer' value '0' to type 'Long'
2014-09-22 00:54:55  [ timer_ZFServerComponent:149 ] - [ DEBUG ]      Converted to Long value '0'
2014-09-22 00:54:55  [ timer_ZFServerComponent:153 ] - [ DEBUG ]  Setting default value: 0
2014-09-22 00:54:55  [ timer_ZFServerComponent:155 ] - [ DEBUG ]  Converting 'Integer' value '0' to type 'Short'
2014-09-22 00:54:55  [ timer_ZFServerComponent:157 ] - [ DEBUG ]      Converted to Short value '0'
2014-09-22 00:54:55  [ timer_ZFServerComponent:204 ] - [ DEBUG ]  Setting default value: 0.0
2014-09-22 00:54:55  [ timer_ZFServerComponent:206 ] - [ DEBUG ]  Converting 'BigDecimal' value '0.0' to type 'BigDecimal'
2014-09-22 00:54:55  [ timer_ZFServerComponent:211 ] - [ DEBUG ]      No conversion required, value is already a BigDecimal
2014-09-22 00:54:55  [ timer_ZFServerComponent:220 ] - [ DEBUG ]  Setting default value: 0
2014-09-22 00:54:55  [ timer_ZFServerComponent:222 ] - [ DEBUG ]  Converting 'BigInteger' value '0' to type 'BigInteger'
2014-09-22 00:54:55  [ timer_ZFServerComponent:224 ] - [ DEBUG ]      No conversion required, value is already a BigInteger
2014-09-22 00:54:55  [ timer_ZFServerComponent:227 ] - [ DEBUG ]  Setting default value: false
2014-09-22 00:54:55  [ timer_ZFServerComponent:230 ] - [ DEBUG ]  Converting 'Boolean' value 'false' to type 'Boolean'
2014-09-22 00:54:55  [ timer_ZFServerComponent:233 ] - [ DEBUG ]      No conversion required, value is already a Boolean
2014-09-22 00:54:55  [ timer_ZFServerComponent:235 ] - [ DEBUG ]  Setting default value: 0
2014-09-22 00:54:55  [ timer_ZFServerComponent:237 ] - [ DEBUG ]  Converting 'Integer' value '0' to type 'Byte'
2014-09-22 00:54:55  [ timer_ZFServerComponent:239 ] - [ DEBUG ]      Converted to Byte value '0'
2014-09-22 00:54:55  [ timer_ZFServerComponent:241 ] - [ DEBUG ]  Setting default value:  
2014-09-22 00:54:55  [ timer_ZFServerComponent:243 ] - [ DEBUG ]  Converting 'Character' value ' ' to type 'Character'
2014-09-22 00:54:55  [ timer_ZFServerComponent:246 ] - [ DEBUG ]      No conversion required, value is already a Character
2014-09-22 00:54:55  [ timer_ZFServerComponent:248 ] - [ DEBUG ]  Setting default value: 0
2014-09-22 00:54:55  [ timer_ZFServerComponent:250 ] - [ DEBUG ]  Converting 'Integer' value '0' to type 'Double'
2014-09-22 00:54:55  [ timer_ZFServerComponent:253 ] - [ DEBUG ]      Converted to Double value '0.0'
2014-09-22 00:54:55  [ timer_ZFServerComponent:255 ] - [ DEBUG ]  Setting default value: 0
2014-09-22 00:54:55  [ timer_ZFServerComponent:257 ] - [ DEBUG ]  Converting 'Integer' value '0' to type 'Float'
2014-09-22 00:54:55  [ timer_ZFServerComponent:264 ] - [ DEBUG ]      Converted to Float value '0.0'
2014-09-22 00:54:55  [ timer_ZFServerComponent:267 ] - [ DEBUG ]  Setting default value: 0
2014-09-22 00:54:55  [ timer_ZFServerComponent:268 ] - [ DEBUG ]  Converting 'Integer' value '0' to type 'Integer'
2014-09-22 00:54:55  [ timer_ZFServerComponent:271 ] - [ DEBUG ]      No conversion required, value is already a Integer
2014-09-22 00:54:55  [ timer_ZFServerComponent:273 ] - [ DEBUG ]  Setting default value: 0
2014-09-22 00:54:55  [ timer_ZFServerComponent:275 ] - [ DEBUG ]  Converting 'Integer' value '0' to type 'Long'
2014-09-22 00:54:55  [ timer_ZFServerComponent:286 ] - [ DEBUG ]      Converted to Long value '0'
2014-09-22 00:54:55  [ timer_ZFServerComponent:290 ] - [ DEBUG ]  Setting default value: 0
2014-09-22 00:54:55  [ timer_ZFServerComponent:296 ] - [ DEBUG ]  Converting 'Integer' value '0' to type 'Short'
2014-09-22 00:54:55  [ timer_ZFServerComponent:298 ] - [ DEBUG ]      Converted to Short value '0'
2014-09-22 00:54:55  [ timer_ZFServerComponent:308 ] - [ DEBUG ]  Setting default value: 
2014-09-22 00:54:55  [ timer_ZFServerComponent:312 ] - [ DEBUG ]  Converting 'String' value '' to type 'String'
2014-09-22 00:54:55  [ timer_ZFServerComponent:365 ] - [ DEBUG ]  Setting default value: [Z@76dcbe88
2014-09-22 00:54:55  [ timer_ZFServerComponent:367 ] - [ DEBUG ]  Converting 'boolean[]' value '[Z@76dcbe88' to type 'boolean[]'
2014-09-22 00:54:55  [ timer_ZFServerComponent:371 ] - [ DEBUG ]      No conversion required, value is already a boolean[]
2014-09-22 00:54:55  [ timer_ZFServerComponent:373 ] - [ DEBUG ]  Setting default value: [B@15d1c817
2014-09-22 00:54:55  [ timer_ZFServerComponent:378 ] - [ DEBUG ]  Converting 'byte[]' value '[B@15d1c817' to type 'byte[]'
2014-09-22 00:54:55  [ timer_ZFServerComponent:380 ] - [ DEBUG ]      No conversion required, value is already a byte[]
2014-09-22 00:54:55  [ timer_ZFServerComponent:383 ] - [ DEBUG ]  Setting default value: [C@699a1774
2014-09-22 00:54:55  [ timer_ZFServerComponent:384 ] - [ DEBUG ]  Converting 'char[]' value '[C@699a1774' to type 'char[]'
2014-09-22 00:54:55  [ timer_ZFServerComponent:386 ] - [ DEBUG ]      No conversion required, value is already a char[]
2014-09-22 00:54:55  [ timer_ZFServerComponent:387 ] - [ DEBUG ]  Setting default value: [D@19d47997
2014-09-22 00:54:55  [ timer_ZFServerComponent:389 ] - [ DEBUG ]  Converting 'double[]' value '[D@19d47997' to type 'double[]'
2014-09-22 00:54:55  [ timer_ZFServerComponent:390 ] - [ DEBUG ]      No conversion required, value is already a double[]
2014-09-22 00:54:55  [ timer_ZFServerComponent:392 ] - [ DEBUG ]  Setting default value: [F@6aa8f5d0
2014-09-22 00:54:55  [ timer_ZFServerComponent:400 ] - [ DEBUG ]  Converting 'float[]' value '[F@6aa8f5d0' to type 'float[]'
2014-09-22 00:54:55  [ timer_ZFServerComponent:403 ] - [ DEBUG ]      No conversion required, value is already a float[]
2014-09-22 00:54:55  [ timer_ZFServerComponent:408 ] - [ DEBUG ]  Setting default value: [I@3bf90a95
2014-09-22 00:54:55  [ timer_ZFServerComponent:409 ] - [ DEBUG ]  Converting 'int[]' value '[I@3bf90a95' to type 'int[]'
2014-09-22 00:54:55  [ timer_ZFServerComponent:410 ] - [ DEBUG ]      No conversion required, value is already a int[]
2014-09-22 00:54:55  [ timer_ZFServerComponent:412 ] - [ DEBUG ]  Setting default value: [J@5c356519
2014-09-22 00:54:55  [ timer_ZFServerComponent:414 ] - [ DEBUG ]  Converting 'long[]' value '[J@5c356519' to type 'long[]'
2014-09-22 00:54:55  [ timer_ZFServerComponent:416 ] - [ DEBUG ]      No conversion required, value is already a long[]
2014-09-22 00:54:55  [ timer_ZFServerComponent:431 ] - [ DEBUG ]  Setting default value: [S@3388c7a7
2014-09-22 00:54:55  [ timer_ZFServerComponent:434 ] - [ DEBUG ]  Converting 'short[]' value '[S@3388c7a7' to type 'short[]'
2014-09-22 00:54:55  [ timer_ZFServerComponent:437 ] - [ DEBUG ]      No conversion required, value is already a short[]
2014-09-22 00:54:55  [ timer_ZFServerComponent:439 ] - [ DEBUG ]  Setting default value: [Ljava.math.BigDecimal;@63e3f789
2014-09-22 00:54:55  [ timer_ZFServerComponent:441 ] - [ DEBUG ]  Converting 'BigDecimal[]' value '[Ljava.math.BigDecimal;@63e3f789' to type 'BigDecimal[]'
2014-09-22 00:54:55  [ timer_ZFServerComponent:445 ] - [ DEBUG ]      No conversion required, value is already a BigDecimal[]
2014-09-22 00:54:55  [ timer_ZFServerComponent:447 ] - [ DEBUG ]  Setting default value: [Ljava.math.BigInteger;@2961a60c
2014-09-22 00:54:55  [ timer_ZFServerComponent:448 ] - [ DEBUG ]  Converting 'BigInteger[]' value '[Ljava.math.BigInteger;@2961a60c' to type 'BigInteger[]'
2014-09-22 00:54:55  [ timer_ZFServerComponent:449 ] - [ DEBUG ]      No conversion required, value is already a BigInteger[]
2014-09-22 00:54:55  [ timer_ZFServerComponent:454 ] - [ DEBUG ]  Setting default value: [Ljava.lang.Boolean;@39078501
2014-09-22 00:54:55  [ timer_ZFServerComponent:460 ] - [ DEBUG ]  Converting 'Boolean[]' value '[Ljava.lang.Boolean;@39078501' to type 'Boolean[]'
2014-09-22 00:54:55  [ timer_ZFServerComponent:463 ] - [ DEBUG ]      No conversion required, value is already a Boolean[]
2014-09-22 00:54:55  [ timer_ZFServerComponent:466 ] - [ DEBUG ]  Setting default value: [Ljava.lang.Byte;@255cc5ba
2014-09-22 00:54:55  [ timer_ZFServerComponent:468 ] - [ DEBUG ]  Converting 'Byte[]' value '[Ljava.lang.Byte;@255cc5ba' to type 'Byte[]'
2014-09-22 00:54:55  [ timer_ZFServerComponent:468 ] - [ DEBUG ]      No conversion required, value is already a Byte[]
2014-09-22 00:54:55  [ timer_ZFServerComponent:470 ] - [ DEBUG ]  Setting default value: [Ljava.lang.Character;@156947e2
2014-09-22 00:54:55  [ timer_ZFServerComponent:471 ] - [ DEBUG ]  Converting 'Character[]' value '[Ljava.lang.Character;@156947e2' to type 'Character[]'
2014-09-22 00:54:55  [ timer_ZFServerComponent:473 ] - [ DEBUG ]      No conversion required, value is already a Character[]
2014-09-22 00:54:55  [ timer_ZFServerComponent:476 ] - [ DEBUG ]  Setting default value: [Ljava.lang.Double;@340608f
2014-09-22 00:54:55  [ timer_ZFServerComponent:477 ] - [ DEBUG ]  Converting 'Double[]' value '[Ljava.lang.Double;@340608f' to type 'Double[]'
2014-09-22 00:54:55  [ timer_ZFServerComponent:478 ] - [ DEBUG ]      No conversion required, value is already a Double[]
2014-09-22 00:54:55  [ timer_ZFServerComponent:481 ] - [ DEBUG ]  Setting default value: [Ljava.lang.Float;@39af508e
2014-09-22 00:54:55  [ timer_ZFServerComponent:484 ] - [ DEBUG ]  Converting 'Float[]' value '[Ljava.lang.Float;@39af508e' to type 'Float[]'
2014-09-22 00:54:55  [ timer_ZFServerComponent:497 ] - [ DEBUG ]      No conversion required, value is already a Float[]
2014-09-22 00:54:56  [ timer_ZFServerComponent:522 ] - [ DEBUG ]  Setting default value: [Ljava.lang.Integer;@1def8b6c
2014-09-22 00:54:56  [ timer_ZFServerComponent:525 ] - [ DEBUG ]  Converting 'Integer[]' value '[Ljava.lang.Integer;@1def8b6c' to type 'Integer[]'
2014-09-22 00:54:56  [ timer_ZFServerComponent:531 ] - [ DEBUG ]      No conversion required, value is already a Integer[]
2014-09-22 00:54:56  [ timer_ZFServerComponent:532 ] - [ DEBUG ]  Setting default value: [Ljava.lang.Long;@7641b2bb
2014-09-22 00:54:56  [ timer_ZFServerComponent:534 ] - [ DEBUG ]  Converting 'Long[]' value '[Ljava.lang.Long;@7641b2bb' to type 'Long[]'
2014-09-22 00:54:56  [ timer_ZFServerComponent:535 ] - [ DEBUG ]      No conversion required, value is already a Long[]
2014-09-22 00:54:56  [ timer_ZFServerComponent:536 ] - [ DEBUG ]  Setting default value: [Ljava.lang.Short;@2088de50
2014-09-22 00:54:56  [ timer_ZFServerComponent:537 ] - [ DEBUG ]  Converting 'Short[]' value '[Ljava.lang.Short;@2088de50' to type 'Short[]'
2014-09-22 00:54:56  [ timer_ZFServerComponent:539 ] - [ DEBUG ]      No conversion required, value is already a Short[]
2014-09-22 00:54:56  [ timer_ZFServerComponent:540 ] - [ DEBUG ]  Setting default value: [Ljava.lang.String;@264d0d33
2014-09-22 00:54:56  [ timer_ZFServerComponent:542 ] - [ DEBUG ]  Converting 'String[]' value '[Ljava.lang.String;@264d0d33' to type 'String[]'
2014-09-22 00:54:56  [ timer_ZFServerComponent:544 ] - [ DEBUG ]      No conversion required, value is already a String[]
2014-09-22 00:54:56  [ timer_ZFServerComponent:548 ] - [ DEBUG ]  Setting default value: [Ljava.lang.Class;@4e6cf5e8
2014-09-22 00:54:56  [ timer_ZFServerComponent:551 ] - [ DEBUG ]  Converting 'Class[]' value '[Ljava.lang.Class;@4e6cf5e8' to type 'Class[]'
2014-09-22 00:54:56  [ timer_ZFServerComponent:552 ] - [ DEBUG ]      No conversion required, value is already a Class[]
2014-09-22 00:54:56  [ timer_ZFServerComponent:554 ] - [ DEBUG ]  Setting default value: [Ljava.util.Date;@5d8eaf0d
2014-09-22 00:54:56  [ timer_ZFServerComponent:556 ] - [ DEBUG ]  Converting 'Date[]' value '[Ljava.util.Date;@5d8eaf0d' to type 'Date[]'
2014-09-22 00:54:56  [ timer_ZFServerComponent:557 ] - [ DEBUG ]      No conversion required, value is already a Date[]
2014-09-22 00:54:56  [ timer_ZFServerComponent:560 ] - [ DEBUG ]  Setting default value: [Ljava.util.Calendar;@656d639c
2014-09-22 00:54:56  [ timer_ZFServerComponent:565 ] - [ DEBUG ]  Converting 'Calendar[]' value '[Ljava.util.Calendar;@656d639c' to type 'Calendar[]'
2014-09-22 00:54:56  [ timer_ZFServerComponent:567 ] - [ DEBUG ]      No conversion required, value is already a Calendar[]
2014-09-22 00:54:56  [ timer_ZFServerComponent:571 ] - [ DEBUG ]  Setting default value: [Ljava.io.File;@42704d54
2014-09-22 00:54:56  [ timer_ZFServerComponent:573 ] - [ DEBUG ]  Converting 'java.io.File[]' value '[Ljava.io.File;@42704d54' to type 'java.io.File[]'
2014-09-22 00:54:56  [ timer_ZFServerComponent:577 ] - [ DEBUG ]      No conversion required, value is already a java.io.File[]
2014-09-22 00:54:56  [ timer_ZFServerComponent:588 ] - [ DEBUG ]  Setting default value: [Ljava.sql.Date;@12e17309
2014-09-22 00:54:56  [ timer_ZFServerComponent:589 ] - [ DEBUG ]  Converting 'java.sql.Date[]' value '[Ljava.sql.Date;@12e17309' to type 'java.sql.Date[]'
2014-09-22 00:54:56  [ timer_ZFServerComponent:590 ] - [ DEBUG ]      No conversion required, value is already a java.sql.Date[]
2014-09-22 00:54:56  [ timer_ZFServerComponent:601 ] - [ DEBUG ]  Setting default value: [Ljava.sql.Time;@6e6fdd08
2014-09-22 00:54:56  [ timer_ZFServerComponent:603 ] - [ DEBUG ]  Converting 'java.sql.Time[]' value '[Ljava.sql.Time;@6e6fdd08' to type 'java.sql.Time[]'
2014-09-22 00:54:56  [ timer_ZFServerComponent:605 ] - [ DEBUG ]      No conversion required, value is already a java.sql.Time[]
2014-09-22 00:54:56  [ timer_ZFServerComponent:608 ] - [ DEBUG ]  Setting default value: [Ljava.sql.Timestamp;@4156f8b9
2014-09-22 00:54:56  [ timer_ZFServerComponent:615 ] - [ DEBUG ]  Converting 'java.sql.Timestamp[]' value '[Ljava.sql.Timestamp;@4156f8b9' to type 'java.sql.Timestamp[]'
2014-09-22 00:54:56  [ timer_ZFServerComponent:617 ] - [ DEBUG ]      No conversion required, value is already a java.sql.Timestamp[]
2014-09-22 00:54:56  [ timer_ZFServerComponent:618 ] - [ DEBUG ]  Setting default value: [Ljava.net.URL;@5e463815
2014-09-22 00:54:56  [ timer_ZFServerComponent:620 ] - [ DEBUG ]  Converting 'java.net.URL[]' value '[Ljava.net.URL;@5e463815' to type 'java.net.URL[]'
2014-09-22 00:54:56  [ timer_ZFServerComponent:624 ] - [ DEBUG ]      No conversion required, value is already a java.net.URL[]
2014-09-22 00:55:26  [ PolicySynTaskComponent_timer:30584 ] - [ DEBUG ]  Setting default value: false
2014-09-22 00:55:26  [ PolicySynTaskComponent_timer:30586 ] - [ DEBUG ]  Converting 'Boolean' value 'false' to type 'Boolean'
2014-09-22 00:55:26  [ PolicySynTaskComponent_timer:30587 ] - [ DEBUG ]      No conversion required, value is already a Boolean
2014-09-22 00:55:26  [ PolicySynTaskComponent_timer:30588 ] - [ DEBUG ]  Setting default value: 0
2014-09-22 00:55:26  [ PolicySynTaskComponent_timer:30589 ] - [ DEBUG ]  Converting 'Integer' value '0' to type 'Byte'
2014-09-22 00:55:26  [ PolicySynTaskComponent_timer:30590 ] - [ DEBUG ]      Converted to Byte value '0'
2014-09-22 00:55:26  [ PolicySynTaskComponent_timer:30591 ] - [ DEBUG ]  Setting default value:  
2014-09-22 00:55:26  [ PolicySynTaskComponent_timer:30593 ] - [ DEBUG ]  Converting 'Character' value ' ' to type 'Character'
2014-09-22 00:55:26  [ PolicySynTaskComponent_timer:30594 ] - [ DEBUG ]      No conversion required, value is already a Character
2014-09-22 00:55:26  [ PolicySynTaskComponent_timer:30595 ] - [ DEBUG ]  Setting default value: 0
2014-09-22 00:55:26  [ PolicySynTaskComponent_timer:30596 ] - [ DEBUG ]  Converting 'Integer' value '0' to type 'Double'
2014-09-22 00:55:26  [ PolicySynTaskComponent_timer:30597 ] - [ DEBUG ]      Converted to Double value '0.0'
2014-09-22 00:55:26  [ PolicySynTaskComponent_timer:30598 ] - [ DEBUG ]  Setting default value: 0
2014-09-22 00:55:26  [ PolicySynTaskComponent_timer:30600 ] - [ DEBUG ]  Converting 'Integer' value '0' to type 'Float'
2014-09-22 00:55:26  [ PolicySynTaskComponent_timer:30600 ] - [ DEBUG ]      Converted to Float value '0.0'
2014-09-22 00:55:26  [ PolicySynTaskComponent_timer:30602 ] - [ DEBUG ]  Setting default value: 0
2014-09-22 00:55:26  [ PolicySynTaskComponent_timer:30603 ] - [ DEBUG ]  Converting 'Integer' value '0' to type 'Integer'
2014-09-22 00:55:26  [ PolicySynTaskComponent_timer:30603 ] - [ DEBUG ]      No conversion required, value is already a Integer
2014-09-22 00:55:26  [ PolicySynTaskComponent_timer:30604 ] - [ DEBUG ]  Setting default value: 0
2014-09-22 00:55:26  [ PolicySynTaskComponent_timer:30605 ] - [ DEBUG ]  Converting 'Integer' value '0' to type 'Long'
2014-09-22 00:55:26  [ PolicySynTaskComponent_timer:30606 ] - [ DEBUG ]      Converted to Long value '0'
2014-09-22 00:55:26  [ PolicySynTaskComponent_timer:30608 ] - [ DEBUG ]  Setting default value: 0
2014-09-22 00:55:26  [ PolicySynTaskComponent_timer:30611 ] - [ DEBUG ]  Converting 'Integer' value '0' to type 'Short'
2014-09-22 00:55:26  [ PolicySynTaskComponent_timer:30612 ] - [ DEBUG ]      Converted to Short value '0'
2014-09-22 00:55:26  [ PolicySynTaskComponent_timer:30614 ] - [ DEBUG ]  Setting default value: 0.0
2014-09-22 00:55:26  [ PolicySynTaskComponent_timer:30615 ] - [ DEBUG ]  Converting 'BigDecimal' value '0.0' to type 'BigDecimal'
2014-09-22 00:55:26  [ PolicySynTaskComponent_timer:30616 ] - [ DEBUG ]      No conversion required, value is already a BigDecimal
2014-09-22 00:55:26  [ PolicySynTaskComponent_timer:30617 ] - [ DEBUG ]  Setting default value: 0
2014-09-22 00:55:26  [ PolicySynTaskComponent_timer:30618 ] - [ DEBUG ]  Converting 'BigInteger' value '0' to type 'BigInteger'
2014-09-22 00:55:26  [ PolicySynTaskComponent_timer:30619 ] - [ DEBUG ]      No conversion required, value is already a BigInteger
2014-09-22 00:55:26  [ PolicySynTaskComponent_timer:30620 ] - [ DEBUG ]  Setting default value: false
2014-09-22 00:55:26  [ PolicySynTaskComponent_timer:30621 ] - [ DEBUG ]  Converting 'Boolean' value 'false' to type 'Boolean'
2014-09-22 00:55:26  [ PolicySynTaskComponent_timer:30621 ] - [ DEBUG ]      No conversion required, value is already a Boolean
2014-09-22 00:55:26  [ PolicySynTaskComponent_timer:30622 ] - [ DEBUG ]  Setting default value: 0
2014-09-22 00:55:26  [ PolicySynTaskComponent_timer:30623 ] - [ DEBUG ]  Converting 'Integer' value '0' to type 'Byte'
2014-09-22 00:55:26  [ PolicySynTaskComponent_timer:30624 ] - [ DEBUG ]      Converted to Byte value '0'
2014-09-22 00:55:26  [ PolicySynTaskComponent_timer:30625 ] - [ DEBUG ]  Setting default value:  
2014-09-22 00:55:26  [ PolicySynTaskComponent_timer:30626 ] - [ DEBUG ]  Converting 'Character' value ' ' to type 'Character'
2014-09-22 00:55:26  [ PolicySynTaskComponent_timer:30627 ] - [ DEBUG ]      No conversion required, value is already a Character
2014-09-22 00:55:26  [ PolicySynTaskComponent_timer:30628 ] - [ DEBUG ]  Setting default value: 0
2014-09-22 00:55:26  [ PolicySynTaskComponent_timer:30629 ] - [ DEBUG ]  Converting 'Integer' value '0' to type 'Double'
2014-09-22 00:55:26  [ PolicySynTaskComponent_timer:30629 ] - [ DEBUG ]      Converted to Double value '0.0'
2014-09-22 00:55:26  [ PolicySynTaskComponent_timer:30630 ] - [ DEBUG ]  Setting default value: 0
2014-09-22 00:55:26  [ PolicySynTaskComponent_timer:30631 ] - [ DEBUG ]  Converting 'Integer' value '0' to type 'Float'
2014-09-22 00:55:26  [ PolicySynTaskComponent_timer:30632 ] - [ DEBUG ]      Converted to Float value '0.0'
2014-09-22 00:55:26  [ PolicySynTaskComponent_timer:30633 ] - [ DEBUG ]  Setting default value: 0
2014-09-22 00:55:26  [ PolicySynTaskComponent_timer:30634 ] - [ DEBUG ]  Converting 'Integer' value '0' to type 'Integer'
2014-09-22 00:55:26  [ PolicySynTaskComponent_timer:30635 ] - [ DEBUG ]      No conversion required, value is already a Integer
2014-09-22 00:55:26  [ PolicySynTaskComponent_timer:30636 ] - [ DEBUG ]  Setting default value: 0
2014-09-22 00:55:26  [ PolicySynTaskComponent_timer:30637 ] - [ DEBUG ]  Converting 'Integer' value '0' to type 'Long'
2014-09-22 00:55:26  [ PolicySynTaskComponent_timer:30637 ] - [ DEBUG ]      Converted to Long value '0'
2014-09-22 00:55:26  [ PolicySynTaskComponent_timer:30638 ] - [ DEBUG ]  Setting default value: 0
2014-09-22 00:55:26  [ PolicySynTaskComponent_timer:30639 ] - [ DEBUG ]  Converting 'Integer' value '0' to type 'Short'
2014-09-22 00:55:26  [ PolicySynTaskComponent_timer:30640 ] - [ DEBUG ]      Converted to Short value '0'
2014-09-22 00:55:26  [ PolicySynTaskComponent_timer:30641 ] - [ DEBUG ]  Setting default value: 
2014-09-22 00:55:26  [ PolicySynTaskComponent_timer:30642 ] - [ DEBUG ]  Converting 'String' value '' to type 'String'
2014-09-22 00:55:26  [ PolicySynTaskComponent_timer:30643 ] - [ DEBUG ]  Setting default value: [Z@7746e592
2014-09-22 00:55:26  [ PolicySynTaskComponent_timer:30644 ] - [ DEBUG ]  Converting 'boolean[]' value '[Z@7746e592' to type 'boolean[]'
2014-09-22 00:55:26  [ PolicySynTaskComponent_timer:30645 ] - [ DEBUG ]      No conversion required, value is already a boolean[]
2014-09-22 00:55:26  [ PolicySynTaskComponent_timer:30646 ] - [ DEBUG ]  Setting default value: [B@3899f03e
2014-09-22 00:55:26  [ PolicySynTaskComponent_timer:30646 ] - [ DEBUG ]  Converting 'byte[]' value '[B@3899f03e' to type 'byte[]'
2014-09-22 00:55:26  [ PolicySynTaskComponent_timer:30648 ] - [ DEBUG ]      No conversion required, value is already a byte[]
2014-09-22 00:55:26  [ PolicySynTaskComponent_timer:30649 ] - [ DEBUG ]  Setting default value: [C@2502217
2014-09-22 00:55:26  [ PolicySynTaskComponent_timer:30650 ] - [ DEBUG ]  Converting 'char[]' value '[C@2502217' to type 'char[]'
2014-09-22 00:55:26  [ PolicySynTaskComponent_timer:30651 ] - [ DEBUG ]      No conversion required, value is already a char[]
2014-09-22 00:55:26  [ PolicySynTaskComponent_timer:30652 ] - [ DEBUG ]  Setting default value: [D@741140c0
2014-09-22 00:55:26  [ PolicySynTaskComponent_timer:30653 ] - [ DEBUG ]  Converting 'double[]' value '[D@741140c0' to type 'double[]'
2014-09-22 00:55:26  [ PolicySynTaskComponent_timer:30654 ] - [ DEBUG ]      No conversion required, value is already a double[]
2014-09-22 00:55:26  [ PolicySynTaskComponent_timer:30655 ] - [ DEBUG ]  Setting default value: [F@56d99c44
2014-09-22 00:55:26  [ PolicySynTaskComponent_timer:30657 ] - [ DEBUG ]  Converting 'float[]' value '[F@56d99c44' to type 'float[]'
2014-09-22 00:55:26  [ PolicySynTaskComponent_timer:30658 ] - [ DEBUG ]      No conversion required, value is already a float[]
2014-09-22 00:55:26  [ PolicySynTaskComponent_timer:30659 ] - [ DEBUG ]  Setting default value: [I@7ef045ee
2014-09-22 00:55:26  [ PolicySynTaskComponent_timer:30660 ] - [ DEBUG ]  Converting 'int[]' value '[I@7ef045ee' to type 'int[]'
2014-09-22 00:55:26  [ PolicySynTaskComponent_timer:30661 ] - [ DEBUG ]      No conversion required, value is already a int[]
2014-09-22 00:55:26  [ PolicySynTaskComponent_timer:30662 ] - [ DEBUG ]  Setting default value: [J@2e310c8f
2014-09-22 00:55:26  [ PolicySynTaskComponent_timer:30662 ] - [ DEBUG ]  Converting 'long[]' value '[J@2e310c8f' to type 'long[]'
2014-09-22 00:55:26  [ PolicySynTaskComponent_timer:30663 ] - [ DEBUG ]      No conversion required, value is already a long[]
2014-09-22 00:55:26  [ PolicySynTaskComponent_timer:30664 ] - [ DEBUG ]  Setting default value: [S@3ced52e6
2014-09-22 00:55:26  [ PolicySynTaskComponent_timer:30665 ] - [ DEBUG ]  Converting 'short[]' value '[S@3ced52e6' to type 'short[]'
2014-09-22 00:55:26  [ PolicySynTaskComponent_timer:30666 ] - [ DEBUG ]      No conversion required, value is already a short[]
2014-09-22 00:55:26  [ PolicySynTaskComponent_timer:30669 ] - [ DEBUG ]  Setting default value: [Ljava.math.BigDecimal;@736218ad
2014-09-22 00:55:26  [ PolicySynTaskComponent_timer:30670 ] - [ DEBUG ]  Converting 'BigDecimal[]' value '[Ljava.math.BigDecimal;@736218ad' to type 'BigDecimal[]'
2014-09-22 00:55:26  [ PolicySynTaskComponent_timer:30671 ] - [ DEBUG ]      No conversion required, value is already a BigDecimal[]
2014-09-22 00:55:26  [ PolicySynTaskComponent_timer:30672 ] - [ DEBUG ]  Setting default value: [Ljava.math.BigInteger;@220a20ef
2014-09-22 00:55:26  [ PolicySynTaskComponent_timer:30672 ] - [ DEBUG ]  Converting 'BigInteger[]' value '[Ljava.math.BigInteger;@220a20ef' to type 'BigInteger[]'
2014-09-22 00:55:26  [ PolicySynTaskComponent_timer:30677 ] - [ DEBUG ]      No conversion required, value is already a BigInteger[]
2014-09-22 00:55:26  [ PolicySynTaskComponent_timer:30680 ] - [ DEBUG ]  Setting default value: [Ljava.lang.Boolean;@dcc57b1
2014-09-22 00:55:26  [ PolicySynTaskComponent_timer:30681 ] - [ DEBUG ]  Converting 'Boolean[]' value '[Ljava.lang.Boolean;@dcc57b1' to type 'Boolean[]'
2014-09-22 00:55:26  [ PolicySynTaskComponent_timer:30684 ] - [ DEBUG ]      No conversion required, value is already a Boolean[]
2014-09-22 00:55:26  [ PolicySynTaskComponent_timer:30687 ] - [ DEBUG ]  Setting default value: [Ljava.lang.Byte;@781bcb09
2014-09-22 00:55:26  [ PolicySynTaskComponent_timer:30688 ] - [ DEBUG ]  Converting 'Byte[]' value '[Ljava.lang.Byte;@781bcb09' to type 'Byte[]'
2014-09-22 00:55:26  [ PolicySynTaskComponent_timer:30690 ] - [ DEBUG ]      No conversion required, value is already a Byte[]
2014-09-22 00:55:26  [ PolicySynTaskComponent_timer:30691 ] - [ DEBUG ]  Setting default value: [Ljava.lang.Character;@50873631
2014-09-22 00:55:26  [ PolicySynTaskComponent_timer:30692 ] - [ DEBUG ]  Converting 'Character[]' value '[Ljava.lang.Character;@50873631' to type 'Character[]'
2014-09-22 00:55:26  [ PolicySynTaskComponent_timer:30694 ] - [ DEBUG ]      No conversion required, value is already a Character[]
2014-09-22 00:55:26  [ PolicySynTaskComponent_timer:30697 ] - [ DEBUG ]  Setting default value: [Ljava.lang.Double;@1c4d5b72
2014-09-22 00:55:26  [ PolicySynTaskComponent_timer:30698 ] - [ DEBUG ]  Converting 'Double[]' value '[Ljava.lang.Double;@1c4d5b72' to type 'Double[]'
2014-09-22 00:55:26  [ PolicySynTaskComponent_timer:30698 ] - [ DEBUG ]      No conversion required, value is already a Double[]
2014-09-22 00:55:26  [ PolicySynTaskComponent_timer:30699 ] - [ DEBUG ]  Setting default value: [Ljava.lang.Float;@4d8f6e37
2014-09-22 00:55:26  [ PolicySynTaskComponent_timer:30700 ] - [ DEBUG ]  Converting 'Float[]' value '[Ljava.lang.Float;@4d8f6e37' to type 'Float[]'
2014-09-22 00:55:26  [ PolicySynTaskComponent_timer:30701 ] - [ DEBUG ]      No conversion required, value is already a Float[]
2014-09-22 00:55:26  [ PolicySynTaskComponent_timer:30703 ] - [ DEBUG ]  Setting default value: [Ljava.lang.Integer;@79285b27
2014-09-22 00:55:26  [ PolicySynTaskComponent_timer:30705 ] - [ DEBUG ]  Converting 'Integer[]' value '[Ljava.lang.Integer;@79285b27' to type 'Integer[]'
2014-09-22 00:55:26  [ PolicySynTaskComponent_timer:30706 ] - [ DEBUG ]      No conversion required, value is already a Integer[]
2014-09-22 00:55:26  [ PolicySynTaskComponent_timer:30707 ] - [ DEBUG ]  Setting default value: [Ljava.lang.Long;@45097048
2014-09-22 00:55:26  [ PolicySynTaskComponent_timer:30708 ] - [ DEBUG ]  Converting 'Long[]' value '[Ljava.lang.Long;@45097048' to type 'Long[]'
2014-09-22 00:55:26  [ PolicySynTaskComponent_timer:30709 ] - [ DEBUG ]      No conversion required, value is already a Long[]
2014-09-22 00:55:26  [ PolicySynTaskComponent_timer:30709 ] - [ DEBUG ]  Setting default value: [Ljava.lang.Short;@1761b899
2014-09-22 00:55:26  [ PolicySynTaskComponent_timer:30710 ] - [ DEBUG ]  Converting 'Short[]' value '[Ljava.lang.Short;@1761b899' to type 'Short[]'
2014-09-22 00:55:26  [ PolicySynTaskComponent_timer:30711 ] - [ DEBUG ]      No conversion required, value is already a Short[]
2014-09-22 00:55:26  [ PolicySynTaskComponent_timer:30713 ] - [ DEBUG ]  Setting default value: [Ljava.lang.String;@2395cf27
2014-09-22 00:55:26  [ PolicySynTaskComponent_timer:30718 ] - [ DEBUG ]  Converting 'String[]' value '[Ljava.lang.String;@2395cf27' to type 'String[]'
2014-09-22 00:55:26  [ PolicySynTaskComponent_timer:30719 ] - [ DEBUG ]      No conversion required, value is already a String[]
2014-09-22 00:55:26  [ PolicySynTaskComponent_timer:30720 ] - [ DEBUG ]  Setting default value: [Ljava.lang.Class;@392f077c
2014-09-22 00:55:26  [ PolicySynTaskComponent_timer:30721 ] - [ DEBUG ]  Converting 'Class[]' value '[Ljava.lang.Class;@392f077c' to type 'Class[]'
2014-09-22 00:55:26  [ PolicySynTaskComponent_timer:30722 ] - [ DEBUG ]      No conversion required, value is already a Class[]
2014-09-22 00:55:26  [ PolicySynTaskComponent_timer:30724 ] - [ DEBUG ]  Setting default value: [Ljava.util.Date;@12f73bac
2014-09-22 00:55:26  [ PolicySynTaskComponent_timer:30725 ] - [ DEBUG ]  Converting 'Date[]' value '[Ljava.util.Date;@12f73bac' to type 'Date[]'
2014-09-22 00:55:26  [ PolicySynTaskComponent_timer:30726 ] - [ DEBUG ]      No conversion required, value is already a Date[]
2014-09-22 00:55:26  [ PolicySynTaskComponent_timer:30728 ] - [ DEBUG ]  Setting default value: [Ljava.util.Calendar;@64aab4a9
2014-09-22 00:55:26  [ PolicySynTaskComponent_timer:30729 ] - [ DEBUG ]  Converting 'Calendar[]' value '[Ljava.util.Calendar;@64aab4a9' to type 'Calendar[]'
2014-09-22 00:55:26  [ PolicySynTaskComponent_timer:30730 ] - [ DEBUG ]      No conversion required, value is already a Calendar[]
2014-09-22 00:55:26  [ PolicySynTaskComponent_timer:30731 ] - [ DEBUG ]  Setting default value: [Ljava.io.File;@38224c8b
2014-09-22 00:55:26  [ PolicySynTaskComponent_timer:30732 ] - [ DEBUG ]  Converting 'java.io.File[]' value '[Ljava.io.File;@38224c8b' to type 'java.io.File[]'
2014-09-22 00:55:26  [ PolicySynTaskComponent_timer:30733 ] - [ DEBUG ]      No conversion required, value is already a java.io.File[]
2014-09-22 00:55:26  [ PolicySynTaskComponent_timer:30735 ] - [ DEBUG ]  Setting default value: [Ljava.sql.Date;@73d0353
2014-09-22 00:55:26  [ PolicySynTaskComponent_timer:30737 ] - [ DEBUG ]  Converting 'java.sql.Date[]' value '[Ljava.sql.Date;@73d0353' to type 'java.sql.Date[]'
2014-09-22 00:55:26  [ PolicySynTaskComponent_timer:30739 ] - [ DEBUG ]      No conversion required, value is already a java.sql.Date[]
2014-09-22 00:55:26  [ PolicySynTaskComponent_timer:30740 ] - [ DEBUG ]  Setting default value: [Ljava.sql.Time;@372b5216
2014-09-22 00:55:26  [ PolicySynTaskComponent_timer:30741 ] - [ DEBUG ]  Converting 'java.sql.Time[]' value '[Ljava.sql.Time;@372b5216' to type 'java.sql.Time[]'
2014-09-22 00:55:26  [ PolicySynTaskComponent_timer:30742 ] - [ DEBUG ]      No conversion required, value is already a java.sql.Time[]
2014-09-22 00:55:26  [ PolicySynTaskComponent_timer:30744 ] - [ DEBUG ]  Setting default value: [Ljava.sql.Timestamp;@33d0294e
2014-09-22 00:55:26  [ PolicySynTaskComponent_timer:30745 ] - [ DEBUG ]  Converting 'java.sql.Timestamp[]' value '[Ljava.sql.Timestamp;@33d0294e' to type 'java.sql.Timestamp[]'
2014-09-22 00:55:26  [ PolicySynTaskComponent_timer:30747 ] - [ DEBUG ]      No conversion required, value is already a java.sql.Timestamp[]
2014-09-22 00:55:26  [ PolicySynTaskComponent_timer:30752 ] - [ DEBUG ]  Setting default value: [Ljava.net.URL;@3a000aca
2014-09-22 00:55:26  [ PolicySynTaskComponent_timer:30758 ] - [ DEBUG ]  Converting 'java.net.URL[]' value '[Ljava.net.URL;@3a000aca' to type 'java.net.URL[]'
2014-09-22 00:55:26  [ PolicySynTaskComponent_timer:30770 ] - [ DEBUG ]      No conversion required, value is already a java.net.URL[]
